<?xml version="1.0" encoding="UTF-8"?>
<!-- Generated by org.testng.reporters.JUnitReportReporter -->
<testsuite hostname="Sakib" name="com.qtpselenium.hybrid.testcases.FundNumberTest" tests="1" failures="0" timestamp="23 Mar 2017 17:01:21 GMT" time="42.439" errors="0">
  <testcase name="LoginTest" time="42.439" classname="com.qtpselenium.hybrid.testcases.FundNumberTest"/>
</testsuite> <!-- com.qtpselenium.hybrid.testcases.FundNumberTest -->
